[2022-07-24] [INFO] : Please enter number of output data size
[2022-07-24] [INFO] : Please enter number of output data size
[2022-07-24] [INFO] : Please enter number of output data size
[2022-07-24] [INFO] : files retrived from the library:
[2022-07-24] [INFO] : the following files are available for input:
[2022-07-24] [INFO] : Select File between 0 and 0
[2022-07-24] [INFO] : Select a length (in words) for the output between 3 and 1000
[2022-07-24] [INFO] : File successfully read!!
[2022-07-24] [INFO] : Mutated text written succesfully!!
[2022-07-24] [ERROR] : outputData\inputData\Example.txt_2022.07.24.18.01.35.txt (The system cannot find the path specified)
[2022-07-24] [INFO] : wish i may i wish i may i wish i might
[2022-07-24] [INFO] : files retrived from the library:
[2022-07-24] [INFO] : the following files are available for input:
[2022-07-24] [INFO] : Select File between 0 and 0
[2022-07-24] [INFO] : Select a length (in words) for the output between 3 and 1000
[2022-07-24] [INFO] : File successfully read!!
[2022-07-24] [INFO] : Mutated text written succesfully!!
[2022-07-24] [ERROR] : outputData\inputData\Example.txt_2022.07.24.18.07.59.txt (The system cannot find the path specified)
[2022-07-24] [INFO] : i wish i might
[2022-07-24] [INFO] : files retrived from the library:
[2022-07-24] [INFO] : the following files are available for input:
[2022-07-24] [INFO] : Select File between 0 and 0
[2022-07-24] [INFO] : Select a length (in words) for the output between 3 and 1000
[2022-07-24] [INFO] : File successfully read!!
[2022-07-24] [INFO] : Mutated text generated succesfully!!
[2022-07-24] [ERROR] : outputData\inputData\Example.txt_2022.07.24.18.12.27.txt (The system cannot find the path specified)
[2022-07-24] [INFO] : i may i wish i may i wish i may i wish i may i wish i may i wish i might
[2022-07-24] [INFO] : files retrived from the library:
[2022-07-24] [INFO] : the following files are available for input:
[2022-07-24] [INFO] : Select File between 0 and 0
[2022-07-24] [INFO] : Select a length (in words) for the output between 3 and 1000
[2022-07-24] [INFO] : File successfully read!!
[2022-07-24] [INFO] : Mutated text generated succesfully!!
[2022-07-24] [INFO] : files retrived from the library:
[2022-07-24] [INFO] : the following files are available for input:
[2022-07-24] [INFO] : Select File between 0 and 0
[2022-07-24] [INFO] : Select a length (in words) for the output between 3 and 1000
[2022-07-24] [INFO] : File successfully read!!
[2022-07-24] [INFO] : Mutated text generated succesfully!!
[2022-07-24] [INFO] : files retrived from the library:
[2022-07-24] [INFO] : the following files are available for input:
[2022-07-24] [INFO] : Select File between 0 and 0
[2022-07-24] [INFO] : File successfully read!!
[2022-07-24] [INFO] : files retrived from the library:
[2022-07-24] [INFO] : the following files are available for input:
[2022-07-24] [INFO] : Select File between 0 and 0
[2022-07-24] [INFO] : File successfully read!!
[2022-07-24] [INFO] : files retrived from the library:
[2022-07-24] [INFO] : the following files are available for input:
[2022-07-24] [INFO] : Select File between 0 and 0
[2022-07-24] [INFO] : files retrived from the library:
[2022-07-24] [INFO] : the following files are available for input:
[2022-07-24] [INFO] : Select File between 0 and 0
[2022-07-24] [INFO] : File successfully read!!
[2022-07-24] [INFO] : Mutated text generated succesfully!!
[2022-07-24] [INFO] : files retrived from the library:
[2022-07-24] [INFO] : the following files are available for input:
[2022-07-24] [INFO] : Select File between 0 and 0
[2022-07-24] [INFO] : File successfully read!!
[2022-07-24] [INFO] : Mutated text generated succesfully!!
[2022-07-24] [INFO] : files retrived from the library:
[2022-07-24] [INFO] : the following files are available for input:
[2022-07-24] [INFO] : Select File between 0 and 0
[2022-07-24] [INFO] : File successfully read!!
[2022-07-24] [INFO] : Mutated text generated succesfully!!
[2022-07-24] [INFO] : files retrived from the library:
[2022-07-24] [INFO] : the following files are available for input:
[2022-07-24] [INFO] : Select File between 0 and 0
[2022-07-24] [INFO] : File successfully read!!
[2022-07-24] [INFO] : Mutated text generated succesfully!!
[2022-07-24] [INFO] : files retrived from the library:
[2022-07-24] [INFO] : the following files are available for input:
[2022-07-24] [INFO] : Select File between 0 and 0
[2022-07-24] [INFO] : File successfully read!!
[2022-07-24] [INFO] : Mutated text generated succesfully!!
[2022-07-24] [INFO] : files retrived from the library:
[2022-07-24] [INFO] : the following files are available for input:
[2022-07-24] [INFO] : Select File between 0 and 0
[2022-07-24] [INFO] : File successfully read!!
[2022-07-24] [INFO] : Mutated text generated succesfully!!
[2022-07-24] [INFO] : files retrived from the library:
[2022-07-24] [INFO] : the following files are available for input:
[2022-07-24] [INFO] : Select File between 0 and 0
[2022-07-24] [INFO] : File successfully read!!
[2022-07-24] [INFO] : Mutated text generated succesfully!!
[2022-07-24] [INFO] : files retrived from the library:
[2022-07-24] [INFO] : the following files are available for input:
[2022-07-24] [INFO] : Select File between 0 and 0
[2022-07-24] [INFO] : File successfully read!!
[2022-07-24] [INFO] : Mutated text generated succesfully!!
[2022-07-24] [INFO] : files retrived from the library:
[2022-07-24] [INFO] : the following files are available for input:
[2022-07-24] [INFO] : Select File between 0 and 0
[2022-07-24] [INFO] : File successfully read!!
[2022-07-24] [INFO] : Mutated text generated succesfully!!
[2022-07-24] [INFO] : files retrived from the library:
[2022-07-24] [INFO] : the following files are available for input:
[2022-07-24] [INFO] : Select File between 0 and 0
[2022-07-24] [INFO] : File successfully read!!
[2022-07-24] [INFO] : Mutated text generated succesfully!!
[2022-07-24] [INFO] : files retrived from the library:
[2022-07-24] [INFO] : the following files are available for input:
[2022-07-24] [INFO] : Select File between 0 and 0
[2022-07-24] [INFO] : File successfully read!!
[2022-07-24] [INFO] : Mutated text generated succesfully!!
[2022-07-24] [INFO] : files retrived from the library:
[2022-07-24] [INFO] : the following files are available for input:
[2022-07-24] [INFO] : Select File between 0 and 0
[2022-07-24] [INFO] : File successfully read!!
[2022-07-24] [INFO] : Mutated text generated succesfully!!
